Root node has sent confirmation to all nodes
Node 1 has completed the handshake and is ready to start processing
Root is now sending arrays to node 1
Node 0 has completed the handshake and is ready to start processing
Have completed round 0 with a t value of 0.000000 and t_end value of 2.100000
Have completed round 1 with a t value of 0.009788 and t_end value of 2.100000
Have completed round 2 with a t value of 0.019584 and t_end value of 2.100000
Have completed round 3 with a t value of 0.029391 and t_end value of 2.100000
Have completed round 4 with a t value of 0.039208 and t_end value of 2.100000
Have completed round 5 with a t value of 0.049036 and t_end value of 2.100000
Have completed round 6 with a t value of 0.058876 and t_end value of 2.100000
Have completed round 7 with a t value of 0.068728 and t_end value of 2.100000
Have completed round 8 with a t value of 0.078592 and t_end value of 2.100000
Have completed round 9 with a t value of 0.088469 and t_end value of 2.100000
Have completed round 10 with a t value of 0.098360 and t_end value of 2.100000
Have completed round 11 with a t value of 0.108265 and t_end value of 2.100000
Have completed round 12 with a t value of 0.118184 and t_end value of 2.100000
Have completed round 13 with a t value of 0.128118 and t_end value of 2.100000
Have completed round 14 with a t value of 0.138066 and t_end value of 2.100000
Have completed round 15 with a t value of 0.148029 and t_end value of 2.100000
Have completed round 16 with a t value of 0.158006 and t_end value of 2.100000
Have completed round 17 with a t value of 0.167998 and t_end value of 2.100000
Have completed round 18 with a t value of 0.178004 and t_end value of 2.100000
Have completed round 19 with a t value of 0.188024 and t_end value of 2.100000
Have completed round 20 with a t value of 0.198049 and t_end value of 2.100000
Have completed round 21 with a t value of 0.208081 and t_end value of 2.100000
Have completed round 22 with a t value of 0.218118 and t_end value of 2.100000
Have completed round 23 with a t value of 0.228161 and t_end value of 2.100000
Have completed round 24 with a t value of 0.238208 and t_end value of 2.100000
Have completed round 25 with a t value of 0.248258 and t_end value of 2.100000
Have completed round 26 with a t value of 0.258313 and t_end value of 2.100000
Have completed round 27 with a t value of 0.268370 and t_end value of 2.100000
Have completed round 28 with a t value of 0.278431 and t_end value of 2.100000
Have completed round 29 with a t value of 0.288494 and t_end value of 2.100000
Have completed round 30 with a t value of 0.298562 and t_end value of 2.100000
Have completed round 31 with a t value of 0.308635 and t_end value of 2.100000
Have completed round 32 with a t value of 0.318715 and t_end value of 2.100000
Have completed round 33 with a t value of 0.328803 and t_end value of 2.100000
Have completed round 34 with a t value of 0.338902 and t_end value of 2.100000
Have completed round 35 with a t value of 0.349014 and t_end value of 2.100000
Have completed round 36 with a t value of 0.359143 and t_end value of 2.100000
Have completed round 37 with a t value of 0.369290 and t_end value of 2.100000
Have completed round 38 with a t value of 0.379457 and t_end value of 2.100000
Have completed round 39 with a t value of 0.389647 and t_end value of 2.100000
Have completed round 40 with a t value of 0.399861 and t_end value of 2.100000
Have completed round 41 with a t value of 0.410098 and t_end value of 2.100000
Have completed round 42 with a t value of 0.420359 and t_end value of 2.100000
Have completed round 43 with a t value of 0.430641 and t_end value of 2.100000
Have completed round 44 with a t value of 0.440944 and t_end value of 2.100000
Have completed round 45 with a t value of 0.451265 and t_end value of 2.100000
Have completed round 46 with a t value of 0.461600 and t_end value of 2.100000
Have completed round 47 with a t value of 0.471947 and t_end value of 2.100000
Have completed round 48 with a t value of 0.482301 and t_end value of 2.100000
Have completed round 49 with a t value of 0.492660 and t_end value of 2.100000
Have completed round 50 with a t value of 0.503020 and t_end value of 2.100000
Have completed round 51 with a t value of 0.513376 and t_end value of 2.100000
Have completed round 52 with a t value of 0.523726 and t_end value of 2.100000
Have completed round 53 with a t value of 0.534070 and t_end value of 2.100000
Have completed round 54 with a t value of 0.544405 and t_end value of 2.100000
Have completed round 55 with a t value of 0.554734 and t_end value of 2.100000
Have completed round 56 with a t value of 0.565054 and t_end value of 2.100000
Have completed round 57 with a t value of 0.575369 and t_end value of 2.100000
Have completed round 58 with a t value of 0.585678 and t_end value of 2.100000
Have completed round 59 with a t value of 0.595984 and t_end value of 2.100000
Have completed round 60 with a t value of 0.606287 and t_end value of 2.100000
Have completed round 61 with a t value of 0.616589 and t_end value of 2.100000
Have completed round 62 with a t value of 0.626892 and t_end value of 2.100000
Have completed round 63 with a t value of 0.637198 and t_end value of 2.100000
Have completed round 64 with a t value of 0.647507 and t_end value of 2.100000
Have completed round 65 with a t value of 0.657821 and t_end value of 2.100000
Have completed round 66 with a t value of 0.668140 and t_end value of 2.100000
Have completed round 67 with a t value of 0.678466 and t_end value of 2.100000
Have completed round 68 with a t value of 0.688798 and t_end value of 2.100000
Have completed round 69 with a t value of 0.699138 and t_end value of 2.100000
Have completed round 70 with a t value of 0.709485 and t_end value of 2.100000
Have completed round 71 with a t value of 0.719839 and t_end value of 2.100000
Have completed round 72 with a t value of 0.730200 and t_end value of 2.100000
Have completed round 73 with a t value of 0.740569 and t_end value of 2.100000
Have completed round 74 with a t value of 0.750944 and t_end value of 2.100000
Have completed round 75 with a t value of 0.761325 and t_end value of 2.100000
Have completed round 76 with a t value of 0.771713 and t_end value of 2.100000
Have completed round 77 with a t value of 0.782106 and t_end value of 2.100000
Have completed round 78 with a t value of 0.792504 and t_end value of 2.100000
Have completed round 79 with a t value of 0.802908 and t_end value of 2.100000
Have completed round 80 with a t value of 0.813317 and t_end value of 2.100000
Have completed round 81 with a t value of 0.823730 and t_end value of 2.100000
Have completed round 82 with a t value of 0.834147 and t_end value of 2.100000
Have completed round 83 with a t value of 0.844568 and t_end value of 2.100000
Have completed round 84 with a t value of 0.854993 and t_end value of 2.100000
Have completed round 85 with a t value of 0.865421 and t_end value of 2.100000
Have completed round 86 with a t value of 0.875853 and t_end value of 2.100000
Have completed round 87 with a t value of 0.886288 and t_end value of 2.100000
Have completed round 88 with a t value of 0.896726 and t_end value of 2.100000
Have completed round 89 with a t value of 0.907166 and t_end value of 2.100000
Have completed round 90 with a t value of 0.917608 and t_end value of 2.100000
Have completed round 91 with a t value of 0.928052 and t_end value of 2.100000
Have completed round 92 with a t value of 0.938499 and t_end value of 2.100000
Have completed round 93 with a t value of 0.948947 and t_end value of 2.100000
Have completed round 94 with a t value of 0.959397 and t_end value of 2.100000
Have completed round 95 with a t value of 0.969849 and t_end value of 2.100000
Have completed round 96 with a t value of 0.980302 and t_end value of 2.100000
Have completed round 97 with a t value of 0.990756 and t_end value of 2.100000
Have completed round 98 with a t value of 1.001209 and t_end value of 2.100000
Have completed round 99 with a t value of 1.011663 and t_end value of 2.100000
Have completed round 100 with a t value of 1.022116 and t_end value of 2.100000
Have completed round 101 with a t value of 1.032570 and t_end value of 2.100000
Have completed round 102 with a t value of 1.043024 and t_end value of 2.100000
Have completed round 103 with a t value of 1.053478 and t_end value of 2.100000
Have completed round 104 with a t value of 1.063933 and t_end value of 2.100000
Have completed round 105 with a t value of 1.074389 and t_end value of 2.100000
Have completed round 106 with a t value of 1.084846 and t_end value of 2.100000
Have completed round 107 with a t value of 1.095305 and t_end value of 2.100000
Have completed round 108 with a t value of 1.105766 and t_end value of 2.100000
Have completed round 109 with a t value of 1.116229 and t_end value of 2.100000
Have completed round 110 with a t value of 1.126695 and t_end value of 2.100000
Have completed round 111 with a t value of 1.137164 and t_end value of 2.100000
Have completed round 112 with a t value of 1.147636 and t_end value of 2.100000
Have completed round 113 with a t value of 1.158112 and t_end value of 2.100000
Have completed round 114 with a t value of 1.168591 and t_end value of 2.100000
Have completed round 115 with a t value of 1.179074 and t_end value of 2.100000
Have completed round 116 with a t value of 1.189561 and t_end value of 2.100000
Have completed round 117 with a t value of 1.200050 and t_end value of 2.100000
Have completed round 118 with a t value of 1.210543 and t_end value of 2.100000
Have completed round 119 with a t value of 1.221039 and t_end value of 2.100000
Have completed round 120 with a t value of 1.231536 and t_end value of 2.100000
Have completed round 121 with a t value of 1.242036 and t_end value of 2.100000
Have completed round 122 with a t value of 1.252536 and t_end value of 2.100000
Have completed round 123 with a t value of 1.263037 and t_end value of 2.100000
Have completed round 124 with a t value of 1.273538 and t_end value of 2.100000
Have completed round 125 with a t value of 1.284038 and t_end value of 2.100000
Have completed round 126 with a t value of 1.294536 and t_end value of 2.100000
Have completed round 127 with a t value of 1.305032 and t_end value of 2.100000
Have completed round 128 with a t value of 1.315526 and t_end value of 2.100000
Have completed round 129 with a t value of 1.326016 and t_end value of 2.100000
Have completed round 130 with a t value of 1.336503 and t_end value of 2.100000
Have completed round 131 with a t value of 1.346986 and t_end value of 2.100000
Have completed round 132 with a t value of 1.357465 and t_end value of 2.100000
Have completed round 133 with a t value of 1.367940 and t_end value of 2.100000
Have completed round 134 with a t value of 1.378411 and t_end value of 2.100000
Have completed round 135 with a t value of 1.388878 and t_end value of 2.100000
Have completed round 136 with a t value of 1.399341 and t_end value of 2.100000
Have completed round 137 with a t value of 1.409800 and t_end value of 2.100000
Have completed round 138 with a t value of 1.420256 and t_end value of 2.100000
Have completed round 139 with a t value of 1.430709 and t_end value of 2.100000
Have completed round 140 with a t value of 1.441159 and t_end value of 2.100000
Have completed round 141 with a t value of 1.451608 and t_end value of 2.100000
Have completed round 142 with a t value of 1.462054 and t_end value of 2.100000
Have completed round 143 with a t value of 1.472499 and t_end value of 2.100000
Have completed round 144 with a t value of 1.482943 and t_end value of 2.100000
Have completed round 145 with a t value of 1.493387 and t_end value of 2.100000
Have completed round 146 with a t value of 1.503830 and t_end value of 2.100000
Have completed round 147 with a t value of 1.514271 and t_end value of 2.100000
Have completed round 148 with a t value of 1.524712 and t_end value of 2.100000
Have completed round 149 with a t value of 1.535153 and t_end value of 2.100000
Have completed round 150 with a t value of 1.545593 and t_end value of 2.100000
Have completed round 151 with a t value of 1.556033 and t_end value of 2.100000
Have completed round 152 with a t value of 1.566474 and t_end value of 2.100000
Have completed round 153 with a t value of 1.576916 and t_end value of 2.100000
Have completed round 154 with a t value of 1.587357 and t_end value of 2.100000
Have completed round 155 with a t value of 1.597800 and t_end value of 2.100000
Have completed round 156 with a t value of 1.608244 and t_end value of 2.100000
Have completed round 157 with a t value of 1.618688 and t_end value of 2.100000
Have completed round 158 with a t value of 1.629133 and t_end value of 2.100000
Have completed round 159 with a t value of 1.639580 and t_end value of 2.100000
Have completed round 160 with a t value of 1.650028 and t_end value of 2.100000
Have completed round 161 with a t value of 1.660476 and t_end value of 2.100000
Have completed round 162 with a t value of 1.670926 and t_end value of 2.100000
Have completed round 163 with a t value of 1.681377 and t_end value of 2.100000
Have completed round 164 with a t value of 1.691830 and t_end value of 2.100000
Have completed round 165 with a t value of 1.702283 and t_end value of 2.100000
Have completed round 166 with a t value of 1.712738 and t_end value of 2.100000
Have completed round 167 with a t value of 1.723194 and t_end value of 2.100000
Have completed round 168 with a t value of 1.733652 and t_end value of 2.100000
Have completed round 169 with a t value of 1.744112 and t_end value of 2.100000
Have completed round 170 with a t value of 1.754572 and t_end value of 2.100000
Have completed round 171 with a t value of 1.765035 and t_end value of 2.100000
Have completed round 172 with a t value of 1.775499 and t_end value of 2.100000
Have completed round 173 with a t value of 1.785965 and t_end value of 2.100000
Have completed round 174 with a t value of 1.796432 and t_end value of 2.100000
Have completed round 175 with a t value of 1.806903 and t_end value of 2.100000
Have completed round 176 with a t value of 1.817375 and t_end value of 2.100000
Have completed round 177 with a t value of 1.827850 and t_end value of 2.100000
Have completed round 178 with a t value of 1.838327 and t_end value of 2.100000
Have completed round 179 with a t value of 1.848808 and t_end value of 2.100000
Have completed round 180 with a t value of 1.859291 and t_end value of 2.100000
Have completed round 181 with a t value of 1.869778 and t_end value of 2.100000
Have completed round 182 with a t value of 1.880267 and t_end value of 2.100000
Have completed round 183 with a t value of 1.890759 and t_end value of 2.100000
Have completed round 184 with a t value of 1.901253 and t_end value of 2.100000
Have completed round 185 with a t value of 1.911751 and t_end value of 2.100000
Have completed round 186 with a t value of 1.922253 and t_end value of 2.100000
Have completed round 187 with a t value of 1.932757 and t_end value of 2.100000
Have completed round 188 with a t value of 1.943265 and t_end value of 2.100000
Have completed round 189 with a t value of 1.953777 and t_end value of 2.100000
Have completed round 190 with a t value of 1.964293 and t_end value of 2.100000
Have completed round 191 with a t value of 1.974812 and t_end value of 2.100000
Have completed round 192 with a t value of 1.985335 and t_end value of 2.100000
Have completed round 193 with a t value of 1.995862 and t_end value of 2.100000
Have completed round 194 with a t value of 2.006393 and t_end value of 2.100000
Have completed round 195 with a t value of 2.016927 and t_end value of 2.100000
Have completed round 196 with a t value of 2.027465 and t_end value of 2.100000
Have completed round 197 with a t value of 2.038007 and t_end value of 2.100000
Have completed round 198 with a t value of 2.048551 and t_end value of 2.100000
Have completed round 199 with a t value of 2.059098 and t_end value of 2.100000
Have completed round 200 with a t value of 2.069649 and t_end value of 2.100000
Have completed round 201 with a t value of 2.080202 and t_end value of 2.100000
Have completed round 202 with a t value of 2.090757 and t_end value of 2.100000
Program took 203 iterations across 2 MPI nodes
Average time for set_timestep_interval      : 0.000089
Average time for compute_tentative_velocity : 0.003181
Average time for compute_rhs                : 0.000242
Average time for poisson                    : 0.056915
Average time for update_velocity            : 0.000264
Average time for apply_boundary_conditions  : 0.000131
Root node has written the file
Running time                                : 12.365719
