Root node has completed read. Starting handshake to 1 nodes
Node 1 has started the handshake with the root node
Node 1 is still active having finished the handshake
Node 1 has completed the handshake and is ready to start processing

karman:25831 terminated with signal 11 at PC=404210 SP=7fffe8334260.  Backtrace:
/tinisgpfs/home/dcs/csupfd/cs402/assignment2/./karman[0x404210]
/tinisgpfs/home/dcs/csupfd/cs402/assignment2/./karman[0x401a06]
/lib64/libc.so.6(__libc_start_main+0xfd)[0x38c421ed5d]
/tinisgpfs/home/dcs/csupfd/cs402/assignment2/./karman[0x4024d1]
Root node has sent confirmation to all nodes
Root node has finished the handshake with all nodes
Root is now sending arrays to node 1
Node 0 has completed the handshake and is ready to start processing

karman:12302 terminated with signal 11 at PC=404210 SP=7fffd3412ef0.  Backtrace:
/tinisgpfs/home/dcs/csupfd/cs402/assignment2/./karman[0x404210]
/tinisgpfs/home/dcs/csupfd/cs402/assignment2/./karman[0x401a06]
/lib64/libc.so.6(__libc_start_main+0xfd)[0x3f6d21ed5d]
/tinisgpfs/home/dcs/csupfd/cs402/assignment2/./karman[0x4024d1]
srun: error: cnode173: task 0: Exited with exit code 1
srun: Terminating job step 458772.0
srun: Job step aborted: Waiting up to 5 seconds for job step to finish.
srun: error: cnode174: task 1: Exited with exit code 1
